INFO 2025-02-15 03:10:48,462 autoreload Watching for file changes with StatReloader
WARNING 2025-02-15 03:11:36,746 log Unauthorized: /user/users/
WARNING 2025-02-15 03:11:36,746 basehttp "GET /user/users/?id=30 HTTP/1.1" 401 183
INFO 2025-02-15 03:11:44,460 basehttp "POST /token/ HTTP/1.1" 200 486
INFO 2025-02-15 03:12:02,683 basehttp "GET /user/users/?id=30 HTTP/1.1" 200 138
INFO 2025-02-15 03:12:09,100 basehttp "GET /user/users/ HTTP/1.1" 200 138
INFO 2025-02-15 03:12:20,957 basehttp "GET /user/users/?id=31 HTTP/1.1" 200 138
INFO 2025-02-15 03:12:26,553 basehttp "GET /user/users/ HTTP/1.1" 200 138
INFO 2025-02-15 03:13:40,903 autoreload /home/gautam/PycharmProjects/TMService/TMService/TaskApp/views.py changed, reloading.
INFO 2025-02-15 03:13:41,348 autoreload Watching for file changes with StatReloader
INFO 2025-02-15 03:13:44,482 autoreload /home/gautam/PycharmProjects/TMService/TMService/TaskApp/views.py changed, reloading.
INFO 2025-02-15 03:13:44,881 autoreload Watching for file changes with StatReloader
INFO 2025-02-15 03:13:49,036 autoreload /home/gautam/PycharmProjects/TMService/TMService/TaskApp/views.py changed, reloading.
INFO 2025-02-15 03:13:49,493 autoreload Watching for file changes with StatReloader
INFO 2025-02-15 03:13:56,687 autoreload /home/gautam/PycharmProjects/TMService/TMService/TaskApp/views.py changed, reloading.
INFO 2025-02-15 03:13:57,101 autoreload Watching for file changes with StatReloader
WARNING 2025-02-15 03:14:56,331 log Unauthorized: /task/tasks/
WARNING 2025-02-15 03:14:56,331 basehttp "GET /task/tasks/?status=to_to HTTP/1.1" 401 183
INFO 2025-02-15 03:15:04,900 basehttp "POST /token/ HTTP/1.1" 200 486
WARNING 2025-02-15 03:15:20,001 log Bad Request: /task/tasks/
WARNING 2025-02-15 03:15:20,001 basehttp "GET /task/tasks/?status=to_to HTTP/1.1" 400 80
WARNING 2025-02-15 03:15:26,781 log Bad Request: /task/tasks/
WARNING 2025-02-15 03:15:26,782 basehttp "GET /task/tasks/?status=to_td HTTP/1.1" 400 80
WARNING 2025-02-15 03:15:31,516 log Bad Request: /task/tasks/
WARNING 2025-02-15 03:15:31,516 basehttp "GET /task/tasks/?status=to_do HTTP/1.1" 400 80
INFO 2025-02-15 03:15:46,963 basehttp "GET /task/tasks/?status=todo HTTP/1.1" 200 350
WARNING 2025-02-15 03:16:18,285 log Bad Request: /task/tasks/4/
WARNING 2025-02-15 03:16:18,285 basehttp "PUT /task/tasks/4/ HTTP/1.1" 400 50
INFO 2025-02-15 03:16:22,446 utils Task 'Sample updated' assigned to raj status changed to in_progress.
INFO 2025-02-15 03:16:22,447 basehttp "PUT /task/tasks/4/ HTTP/1.1" 200 127
INFO 2025-02-15 03:16:31,478 basehttp "GET /task/tasks/?status=todo HTTP/1.1" 200 229
INFO 2025-02-15 03:16:43,397 basehttp "GET /task/tasks/ HTTP/1.1" 200 357
INFO 2025-02-15 03:17:10,781 basehttp "GET /task/tasks/?due_date__date=2025-02-16 HTTP/1.1" 200 357
INFO 2025-02-15 03:17:25,653 basehttp "GET /task/tasks/?due_date__date=2025-02-16 HTTP/1.1" 200 357
INFO 2025-02-15 03:17:41,405 basehttp "GET /task/tasks/?due_date=2025-02-16 HTTP/1.1" 200 129
INFO 2025-02-15 03:17:52,069 basehttp "GET /task/tasks/?due_date=2025-02-20 HTTP/1.1" 200 2
INFO 2025-02-15 03:17:57,527 basehttp "GET /task/tasks/ HTTP/1.1" 200 357
INFO 2025-02-15 03:18:12,861 basehttp "GET /task/tasks/?due_date=2025-02-20T05:30:00 HTTP/1.1" 200 229
INFO 2025-02-15 03:18:28,034 basehttp "GET /task/tasks/?due_date__date=2025-02-20 HTTP/1.1" 200 357
INFO 2025-02-15 03:19:05,241 autoreload /home/gautam/PycharmProjects/TMService/TMService/TaskApp/models.py changed, reloading.
INFO 2025-02-15 03:19:05,635 autoreload Watching for file changes with StatReloader
INFO 2025-02-15 03:19:08,790 autoreload /home/gautam/PycharmProjects/TMService/TMService/TaskApp/models.py changed, reloading.
INFO 2025-02-15 03:19:09,215 autoreload Watching for file changes with StatReloader
INFO 2025-02-15 03:19:11,368 autoreload /home/gautam/PycharmProjects/TMService/TMService/TaskApp/models.py changed, reloading.
INFO 2025-02-15 03:19:11,751 autoreload Watching for file changes with StatReloader
INFO 2025-02-15 03:19:13,003 autoreload /home/gautam/PycharmProjects/TMService/TMService/TaskApp/models.py changed, reloading.
INFO 2025-02-15 03:19:13,426 autoreload Watching for file changes with StatReloader
INFO 2025-02-15 03:19:39,921 autoreload /home/gautam/PycharmProjects/TMService/TMService/TaskApp/models.py changed, reloading.
INFO 2025-02-15 03:19:40,322 autoreload Watching for file changes with StatReloader
INFO 2025-02-15 03:19:54,685 basehttp "GET /task/tasks/ HTTP/1.1" 200 330
INFO 2025-02-15 03:20:01,998 basehttp "GET /task/tasks/?due_date__date=2025-02-20 HTTP/1.1" 200 330
INFO 2025-02-15 03:20:09,950 basehttp "GET /task/tasks/?due_date=2025-02-20 HTTP/1.1" 200 211
INFO 2025-02-15 03:20:17,239 basehttp "GET /task/tasks/?due_date__lte=2025-02-20 HTTP/1.1" 200 330
INFO 2025-02-15 03:20:36,505 basehttp "GET /task/tasks/?due_date=2025-02-20&status=todo HTTP/1.1" 200 211
INFO 2025-02-15 17:11:05,853 autoreload Watching for file changes with StatReloader
INFO 2025-02-15 17:11:25,234 autoreload /home/gautam/PycharmProjects/TMService/TMService/TMService/urls.py changed, reloading.
INFO 2025-02-15 17:11:25,479 autoreload Watching for file changes with StatReloader
INFO 2025-02-15 17:11:26,548 autoreload /home/gautam/PycharmProjects/TMService/TMService/TMService/urls.py changed, reloading.
INFO 2025-02-15 17:11:26,782 autoreload Watching for file changes with StatReloader
INFO 2025-02-15 17:11:32,926 autoreload /home/gautam/PycharmProjects/TMService/TMService/TMService/urls.py changed, reloading.
INFO 2025-02-15 17:11:33,159 autoreload Watching for file changes with StatReloader
INFO 2025-02-15 17:11:39,343 autoreload /home/gautam/PycharmProjects/TMService/TMService/TMService/urls.py changed, reloading.
INFO 2025-02-15 17:11:39,596 autoreload Watching for file changes with StatReloader
INFO 2025-02-15 17:11:40,645 autoreload /home/gautam/PycharmProjects/TMService/TMService/TMService/urls.py changed, reloading.
INFO 2025-02-15 17:11:40,881 autoreload Watching for file changes with StatReloader
INFO 2025-02-15 17:11:41,930 autoreload /home/gautam/PycharmProjects/TMService/TMService/TMService/urls.py changed, reloading.
INFO 2025-02-15 17:11:42,164 autoreload Watching for file changes with StatReloader
INFO 2025-02-15 17:11:45,274 autoreload /home/gautam/PycharmProjects/TMService/TMService/TMService/urls.py changed, reloading.
INFO 2025-02-15 17:11:45,522 autoreload Watching for file changes with StatReloader
INFO 2025-02-15 17:11:48,600 autoreload /home/gautam/PycharmProjects/TMService/TMService/TMService/urls.py changed, reloading.
INFO 2025-02-15 17:11:48,834 autoreload Watching for file changes with StatReloader
INFO 2025-02-15 17:11:51,929 autoreload /home/gautam/PycharmProjects/TMService/TMService/TMService/urls.py changed, reloading.
INFO 2025-02-15 17:11:52,177 autoreload Watching for file changes with StatReloader
INFO 2025-02-15 17:11:53,246 autoreload /home/gautam/PycharmProjects/TMService/TMService/TMService/urls.py changed, reloading.
INFO 2025-02-15 17:11:53,494 autoreload Watching for file changes with StatReloader
INFO 2025-02-15 17:11:54,617 autoreload /home/gautam/PycharmProjects/TMService/TMService/TMService/urls.py changed, reloading.
INFO 2025-02-15 17:11:54,859 autoreload Watching for file changes with StatReloader
INFO 2025-02-15 17:12:01,099 basehttp "GET / HTTP/1.1" 200 8
WARNING 2025-02-15 17:12:01,135 log Not Found: /favicon.ico
WARNING 2025-02-15 17:12:01,136 basehttp "GET /favicon.ico HTTP/1.1" 404 3004
INFO 2025-02-15 17:15:05,074 autoreload /home/gautam/PycharmProjects/TMService/TMService/TMService/settings.py changed, reloading.
INFO 2025-02-15 17:15:05,310 autoreload Watching for file changes with StatReloader
INFO 2025-02-15 17:15:21,578 autoreload /home/gautam/PycharmProjects/TMService/TMService/TMService/settings.py changed, reloading.
INFO 2025-02-15 17:15:21,825 autoreload Watching for file changes with StatReloader
INFO 2025-02-15 17:15:34,080 autoreload /home/gautam/PycharmProjects/TMService/TMService/TMService/settings.py changed, reloading.
INFO 2025-02-15 17:15:34,345 autoreload Watching for file changes with StatReloader
INFO 2025-02-15 17:15:45,606 autoreload /home/gautam/PycharmProjects/TMService/TMService/TMService/settings.py changed, reloading.
INFO 2025-02-15 17:15:45,845 autoreload Watching for file changes with StatReloader
INFO 2025-02-15 17:15:49,985 autoreload /home/gautam/PycharmProjects/TMService/TMService/TMService/settings.py changed, reloading.
INFO 2025-02-15 17:15:50,240 autoreload Watching for file changes with StatReloader
INFO 2025-02-15 17:15:52,366 autoreload /home/gautam/PycharmProjects/TMService/TMService/TMService/settings.py changed, reloading.
INFO 2025-02-15 17:15:52,609 autoreload Watching for file changes with StatReloader
INFO 2025-02-15 17:15:55,765 autoreload /home/gautam/PycharmProjects/TMService/TMService/TMService/settings.py changed, reloading.
INFO 2025-02-15 17:15:56,005 autoreload Watching for file changes with StatReloader
INFO 2025-02-15 17:16:02,212 autoreload /home/gautam/PycharmProjects/TMService/TMService/TMService/settings.py changed, reloading.
INFO 2025-02-15 17:16:02,480 autoreload Watching for file changes with StatReloader
INFO 2025-02-15 17:17:30,291 basehttp "POST /token/ HTTP/1.1" 200 486
INFO 2025-02-15 17:17:46,113 basehttp "GET /task/tasks/ HTTP/1.1" 200 330
INFO 2025-02-15 17:17:49,718 basehttp "GET /task/tasks/ HTTP/1.1" 200 330
INFO 2025-02-15 17:17:50,716 basehttp "GET /task/tasks/ HTTP/1.1" 200 330
INFO 2025-02-15 17:17:51,829 basehttp "GET /task/tasks/ HTTP/1.1" 200 330
INFO 2025-02-15 17:17:53,594 basehttp "GET /task/tasks/ HTTP/1.1" 200 330
INFO 2025-02-15 17:17:54,459 basehttp "GET /task/tasks/ HTTP/1.1" 200 330
INFO 2025-02-15 17:17:55,411 basehttp "GET /task/tasks/ HTTP/1.1" 200 330
INFO 2025-02-15 17:17:56,163 basehttp "GET /task/tasks/ HTTP/1.1" 200 330
INFO 2025-02-15 17:17:56,742 basehttp "GET /task/tasks/ HTTP/1.1" 200 330
INFO 2025-02-15 17:17:57,282 basehttp "GET /task/tasks/ HTTP/1.1" 200 330
WARNING 2025-02-15 17:17:57,934 log Too Many Requests: /task/tasks/
WARNING 2025-02-15 17:17:57,934 basehttp "GET /task/tasks/ HTTP/1.1" 429 69
WARNING 2025-02-15 17:18:06,765 log Too Many Requests: /task/tasks/
WARNING 2025-02-15 17:18:06,766 basehttp "GET /task/tasks/ HTTP/1.1" 429 69
INFO 2025-02-15 17:30:41,104 autoreload /home/gautam/PycharmProjects/TMService/TMService/TMService/settings.py changed, reloading.
INFO 2025-02-15 17:30:41,354 autoreload Watching for file changes with StatReloader
INFO 2025-02-15 17:31:23,997 autoreload /home/gautam/PycharmProjects/TMService/TMService/TMService/settings.py changed, reloading.
INFO 2025-02-15 17:31:24,238 autoreload Watching for file changes with StatReloader
INFO 2025-02-15 17:31:28,394 autoreload /home/gautam/PycharmProjects/TMService/TMService/TMService/settings.py changed, reloading.
INFO 2025-02-15 17:31:28,655 autoreload Watching for file changes with StatReloader
INFO 2025-02-15 17:31:31,796 autoreload /home/gautam/PycharmProjects/TMService/TMService/TMService/settings.py changed, reloading.
INFO 2025-02-15 17:31:32,005 autoreload Watching for file changes with StatReloader
INFO 2025-02-15 17:31:34,190 autoreload /home/gautam/PycharmProjects/TMService/TMService/TMService/settings.py changed, reloading.
INFO 2025-02-15 17:31:34,411 autoreload Watching for file changes with StatReloader
INFO 2025-02-15 17:31:36,571 autoreload /home/gautam/PycharmProjects/TMService/TMService/TMService/settings.py changed, reloading.
INFO 2025-02-15 17:31:36,814 autoreload Watching for file changes with StatReloader
INFO 2025-02-15 17:31:50,090 autoreload /home/gautam/PycharmProjects/TMService/TMService/TMService/settings.py changed, reloading.
INFO 2025-02-15 17:31:50,365 autoreload Watching for file changes with StatReloader
INFO 2025-02-15 17:31:54,527 autoreload /home/gautam/PycharmProjects/TMService/TMService/TMService/settings.py changed, reloading.
INFO 2025-02-15 18:51:16,185 autoreload Watching for file changes with StatReloader
INFO 2025-02-15 18:51:27,633 autoreload /home/gautam/PycharmProjects/TMService/TMService/TMService/settings.py changed, reloading.
INFO 2025-02-15 18:51:28,040 autoreload Watching for file changes with StatReloader
INFO 2025-02-15 18:51:45,774 basehttp "POST /token/ HTTP/1.1" 200 486
INFO 2025-02-15 18:53:00,651 autoreload Watching for file changes with StatReloader
INFO 2025-02-15 18:53:30,288 autoreload Watching for file changes with StatReloader
INFO 2025-02-15 18:53:49,906 autoreload Watching for file changes with StatReloader
INFO 2025-02-15 18:55:43,050 autoreload Watching for file changes with StatReloader
INFO 2025-02-15 18:56:46,893 autoreload Watching for file changes with StatReloader
INFO 2025-02-15 18:58:13,355 autoreload /home/gautam/PycharmProjects/TMService/TMService/TMService/settings.py changed, reloading.
INFO 2025-02-15 18:58:26,292 autoreload Watching for file changes with StatReloader
INFO 2025-02-15 18:58:44,788 autoreload /home/gautam/PycharmProjects/TMService/TMService/TMService/settings.py changed, reloading.
INFO 2025-02-15 18:59:08,374 autoreload Watching for file changes with StatReloader
INFO 2025-02-15 18:59:35,333 autoreload Watching for file changes with StatReloader
INFO 2025-02-15 19:00:51,644 autoreload /home/gautam/PycharmProjects/TMService/TMService/TMService/settings.py changed, reloading.
INFO 2025-02-15 19:00:52,107 autoreload Watching for file changes with StatReloader
INFO 2025-02-15 19:00:55,369 autoreload /home/gautam/PycharmProjects/TMService/TMService/TMService/settings.py changed, reloading.
INFO 2025-02-15 19:00:55,799 autoreload Watching for file changes with StatReloader
INFO 2025-02-15 19:00:59,049 autoreload /home/gautam/PycharmProjects/TMService/TMService/TMService/settings.py changed, reloading.
INFO 2025-02-15 19:00:59,495 autoreload Watching for file changes with StatReloader
INFO 2025-02-15 19:01:05,787 autoreload /home/gautam/PycharmProjects/TMService/TMService/TMService/settings.py changed, reloading.
INFO 2025-02-15 19:01:06,198 autoreload Watching for file changes with StatReloader
INFO 2025-02-15 19:01:16,612 autoreload /home/gautam/PycharmProjects/TMService/TMService/TMService/settings.py changed, reloading.
INFO 2025-02-15 19:01:17,019 autoreload Watching for file changes with StatReloader
INFO 2025-02-15 19:01:18,207 autoreload /home/gautam/PycharmProjects/TMService/TMService/TMService/settings.py changed, reloading.
INFO 2025-02-15 19:01:18,656 autoreload Watching for file changes with StatReloader
INFO 2025-02-15 19:01:22,909 autoreload /home/gautam/PycharmProjects/TMService/TMService/TMService/settings.py changed, reloading.
INFO 2025-02-15 19:01:23,326 autoreload Watching for file changes with StatReloader
